
Misspelled Words in Texts/alice.txt

Gutenberg's
Alice's
eBook
eBook
Alice's
EBook
EBOOK
ALICE'S
ALICE'S
MARMALADE'
Antipathies
Dinah'll
ME'
not'
ME'
ALICE'S
ESQ
HEARTHRUG
ALICE'S
skurried
O
O
O
Ou
chatte
better'
Morcar
Morcar
Stigand
Atheling
William's
Normans
thimble'
C
D
Mouse's
Dinah's
naturedly
W
RABBIT'
Dinah'll
pleasanter
Alice's
won't'
yer
yer
arrum
yer
yer
Bill's
Bill's
Bill's
Bill's
barrowful
barrowful
V
sir'
yawned
Footman's
nose'
Hatter's
Alice's
Lacie
Sh
sh
were'
M
M
M
everything's
beheaded
processions
rosetree
beheaded
croqueted
croqueting
executioner's
King's
beheaded
Alice's
Everything's
Alice's
Alice's
game's
'Tis
tis
tis
Alice's
m
Alice's
ordered'
Hjckrrh
mayn't
uglifying
Seaography
X
never'
dinn
Dinn
yawned
TIS
'Tis
Hm
ootiful
oop
ootiful
oop
oop
e
e
ootiful
oop
ootiful
oop
oop
e
e
beauti
FUL
oop
e
e
men'
slates'll
T
Alice's
jurymen
jurymen
jurymen
jurymen
teacups
teacups
Gutenberg's
Alice's
EBOOK
ALICE'S
txt
http
org
tm
tm
eBooks
eBook
eBook
eBooks
tm
tm
http
org
tm
tm
E
B
tm
C
tm
tm
E
C
PGLAF
tm
tm
tm
tm
tm
D
tm
E
E
tm
tm
eBook
eBook
E
tm
E
E
tm
E
E
E
tm
E
E
tm
E
tm
E
E
tm
E
nonproprietary
tm
tm
org
E
E
tm
E
E
E
tm
tm
tm
e
s
tm
F
tm
E
tm
F
F
tm
F
F
tm
tm
F
F
F
IS'
MERCHANTIBILITY
F
unenforceability
F
tm
tm
b
tm
c
tm
tm
tm
http
pglaf
org
c
c
http
pglaf
org
U
S
Melan
S
org
http
pglaf
B
tm
http
pglaf
U
S
http
pglaf
org
tm
S
tm
eBooks
tm
eBooks
U
S
eBooks
PG
http
tm
eBooks
eBooks

TOTAL WORDS MISSPELLED   :      272
TOTAL WORDS IN DICTIONARY:   143091
VALID WORDS IN TEXT      :    28142
