
Misspelled Words in Texts/dracula.txt

EBook
Dracula
Bram
eBook
eBook
Bram
EBook
EBOOK
DRACULA
Bram
Harker's
Harker's
Harker's
Harker's
Murray's
Dailygraph
Murray's
Harker
Westenra's
Seward's
Seward's
Harker's
Seward's
Seward's
Seward's
Seward's
Harker's
Harker's
Seward's
Harker's
Seward's
Seward's
Seward's
Seward's
Harker's
Harker's
Bistritz
P
M
Buda
Pesth
Klausenburgh
Royale
hendl
Dracula
Ordance
Bistritz
Dracula
Wallachs
Dacians
Magyars
Szekelys
Magyars
mamaliga
impletata
unpunctual
Slovaks
Bistritz
Borgo
Dracula
Harker
shirtsleeves
Dracula
Dracula
Bistritz
Mediasch
Ordog
Pokol
stregoica
vrolok
vlkoslak
Servian
boxseat
gotza
Mittel
hillsides
Borgo
Prund
Hospadars
Mittel
rifts
Isten
szek
Cszeks
slovaks
ricks
leiter
Cszeks
Slovaks
sheepskins
firs
greyness
bestrewed
Borgo
Bistritz
Burger's
Denn
Todten
reiten
Schnell
mein
tamers
Harker's
solicitor's
Solicitor's
Dracula
Dracula
Harker
Count's
protruberant
Count's
supped
D
hangings
costliest
talking's
Wallachian
Harker
Harker
Purfleet
Purfleet
voluptuousness
Dracula
Count's
Count's
Harker's
Bistritz
Dracula
Szekelys
Wodin
Berserkers
seaboards
Arpad
Honfoglalas
Szekelys
Magyars
Turkeyland
Cassova
Wallach
Voivode
Dracula
Dracula
Turkeyland
Mohacs
Dracula
Szekelys
Dracula
Hapsburgs
Romanoffs
Lincoln's
Count's
consignments
Hawkins'
Dracula
F
Billington
Leutner
Coutts
Herren
Billreuth
Buda
Pesth
Count's
mullioned
Count's
Count's
fastnesses
curtainless
tis
Count's
Count's
sapphires
Mina's
waterglasses
gloating
voluptuousness
champing
Harker's
suavest
Bistritz
Bistritz
Szgany
Mina's
Szgany
horses'
leiter
Szgany
leiter
Slovaks
Szgany
Szgany
Count's
criminal's
Count's
Count's
violences
calf's
Count's
Slovaks
Count's
Szgany
Slovaks
Borgo
Bistritz
Dracula
champing
Count's
Dracula
Count's
Count's
gouts
gorged
Szgany
Slovaks
lintels
Szgany
WESTENRA
Holmwood
P
S
L
WESTENRA
goodness'
Desdemona
P
fixin's
Morris'
P
S
SEWARD'S
Omnia
Romae
venalia
sunt
R
M
Renfield
QUINCEY
P
Quincey
P
HOLMWOOD
QUINCEY
P
MURRAY'S
Esk
Marmion
Kettleness
Esk
masel'
trippers
eatin'
herrin's
an'
lookin'
masel'
tellin'
ageeanwards
waitin'
crammle
aboon
grees
sairly
an'
wafts
an'
an'
bogles
an'
bairns
an'
a'belderin'
blebs
an'
grims
an'
an'
warnin's
an'
illsome
touters
skeer
an'
hafflin's
an'
somethin'
o'
printin'
an'
preachin'
cuttin'
steans
holdin'
acant
tumblin'
o'
body'
memory'
an'
bean't
an'
bean't
nothin'
scowderment
tumblin'
sarks
an'
trying'
tombsteans
trimmlin'
an'
dozzened
an'
lyin'
gurp
o'
Swales
Yabblins
savin'
an'
kirkgarth
consate
steans
aboon
haped
snod
an'
laybeds
Dun's
baccabox
aftest
Spencelagh
Andres
Swales
Andres
An'
consated
steans
Braithwaite
Woodhouse
antherums
aboot
jommlin'
jostlin'
ud
an'
tryin'
thruff
Kettleness
sorrowing
Swales
sorrowin'
acrewk'd
lamiter
an'
mightn't
scarin'
Twarn't
clegs
dowps
masel'
an'
stean
keckle
pantin'
grees
tompstean
an'
sittin'
an'
an'
doesn'
tombsteans
Esk
donkeys'
SEWARD'S
Renfield
Renfield
Renfield
disgorged
Renfield
Burdon
Sanderson's
MURRAY'S
Dracula
Westenra
Lucy's
Holmwood
Holmwood
Godalming
Lucy's
Holmwood
Kettleness
sandpoints
brool'
walking'
Swales
sayin'
daffled
krok
hooal
scart
makin'
dyin'
whettin'
o'
caffin'
chafts
dooal
an'
waitin'
somethin'
doin'
comin'
comin'
comin'
wonderin'
bringin'
hoast
beyont
comin'
minutes'
DAILYGRAPH
MURRAY'S
suddenest
Mulgrave
Runswick
Staithes
tripping'
tails'
Kettleness
R
R
cobble'
mule'
dischord
lanthorns
skywards
mirabile
dictu
unsteered
hammer'
laneway
thruffsteans
J
M
Caffyn
coastguards
emblemship
Casabianca
S
F
Billington
wonder'
S
P
C
grano
p
m
flagboat
Petrofsky
larboard
Amramoff
Olgaren
hatchways
unsearched
Roumanian
Esk
sea'
MURRAY'S
Swales
MURRAY'S
P
M
Woman'
Westenra
curates
Holmwood
Women'
Woman'
Lucy's
Lucy's
chruchyard
wynds'
Westenra
Spohr
Kettleness
Lucy's
Lucy's
Arthur's
Lucy's
Lucy's
F
BILLINGTON
Purfleet
King's
A'
King's
King's
F
BILLINGTON
BILLINGTON
MURRAY'S
Swales
STE
BUDA
PESTH
WILLHELMINA
Harker
Ste
weeks'
P
S
safety's
Ste
SEWARD'S
Renfield
Renfield
draweth
Renfield's
manias
HARKER
Buda
Pesth
Wilhelmina'
will'
husband'
Harker
WESTENRA
HARKER
P
S
P
P
S
SEWARDS
Renfield
Renfield
WESTENRA'S
Hillingham
Westenra
Westenra
HOLMWOOD
tonight's
Westenra's
Westenra
Westenra
Helsing
Westenra
Helsing
kindliest
Westenra
HELSING
DPh
D
Helsing
Helsing
Hillingham
Lucy's
Helsing
Helsing
SEWARD'S
nailmarks
Westenra
paroxysms
HELSING
HELSING
HELSING
Holmwood
Westenra
Helsing
Lucy's
SEWARD'S
Helsing
Westenra
Lucy's
Westenra
beneficient
Helsing
Lucy's
chalkily
Helsing's
Helsing
Helsing
Helsing
Helsing
Lucy's
Helsing
Helsing
defibrinate
Helsing
Lucy's
Arthur's
Lucy's
Helsing's
Helsing
Helsing
SEWARD'S
Westenra
Helsing
poohed
Helsing
Helsing
Hillingham
Hillingham
WESTENRA'S
SEWARD'S
Helsing
Gott
Himmel
Helsing
Helsing
morphia
enjealous
Helsing
Helsing
Helsing's
gentleman'
Lucy's
Hillingham
Helsing
Helsing
woes
Floridas
Helsing
Haarlem
Vanderpool
Helsing
spell'
WESTENRA'S
Helsing
Ophelia
crants
strewments
SEWARD'S
Helsing
Helsing
Westenra
Lucy's
Helsing
Lucy's
Helsing
Helsing
Westenra
Lucy's
WESTENRA'S
Helsing
Haarlem
Helsing
Arthur's
Helsing
GAZETTE'
Bilder
arsk
refoosin'
perfeshunal
subjucts
hyenas
arsk
Ittin'
ead
Scratchin'
fust
ittin
kawffee
scratchin'
theer
animiles
comin'
arskin'
bloomin'
arf
a'
fust
arsked
arsk
arsk
yer
An'
usin'
ittin'
ead
arf
goin'
yer
ooman
an'
bloomin'
yer
comin'
guv'nor
ole
Bersicker
Jamrach's
wantin'
animile
mindin'
animiles
isself
feedin'
makin'
owlin'
kem
Bersicker
tearin'
ook
runnin'
ard
hirritated
animiles
isself
oped
e
imitatin'
animiles
talkin'
wolf's
Bersicker
tyking
anceterer
Nom
Bersicker
kep'
lookin'
arter
e
hout
ole
hevening
larst
owling
warn't
warn't
callin'
gardings
owling
turnin'
an'
kem
Bersicker's
certing
gard'ners
comin'
ome
armony
comin'
e
ome
huntin'
Bersicker
seein'
armony
ead
Bilder
Bilder
y'are
Ye'll
excoose
chaffin'
a'idin'
gard'ner
gallopin'
yer
bein'
dessay
chivyin'
somethin'
Lor'
fightin'
providin'
hisself
a'hidin'
an'
a'shiverin'
wonderin'
shinin'
walkin'
leavin'
hinfant
babby
Bilder's
Bersicker
isself
Bilder
gettin'
bloomin'
shyme
Bersicker
SEWARD'S
instant's
Helsing
HELSING
Hilllingham
SEWARD'S
Helsing's
Lucy's
Helsing
Helsing
Helsing
Helsing
SEWARD'S
Hillingham
Helsing
servants'
Helsing
Lucy's
Lucy's
Helsing
Holmwood
sternest
Lucy's
Helsing
Helsing
Helsing's
Quincey
Helsing
Quincey
Holmwood
Helsing
Helsing
morphia
cabmen
Quincey
Helsing
Lucy's
Helsing
Westenra
Quincey
Westenra
Helsing
Quincey
Quincey
Helsing
Helsing
wits'
Quincey
Lucy's
Helsing
Helsing
Helsing
Helsing
Quincey
Lucy's
Helsing
Quincey
Arthur's
Helsing
Lucy's
HARKER
duty'
Harker
love'
Harker
MRCSLK
QCPI
Renfield
carrier's
Renfield's
beggar'
yer
guv'nor
havin'
revilings
bloomin'
bloke'
Smollet
Dudding's
Farley's
Bethnal
HARKER
WESTENRA
Harker
SEWARD'S
Arthur's
Helsing
Helsing
Lucy's
Lucy's
Helsing
Helsing
Helsing
indraw
Lucy's
Gott
Helsing
sternest
Helsing
Lucy's
Helsing
Helsing
Helsing
Helsing
Helsing's
Lucy's
Helsing
Lucy's
Helsing
Helsing
sterner
Helsing
SEWARD'S
cont
Helsing
Helsing
Lucy's
Lucy's
Westenra
Lucy's
Westenra's
Helsing
chapelle
ardente
Lucy's
decay's
fingers'
coffined
Helsing
Wholeman
Lidderdale
Westenra
Lucy's
Holmwood
predeceasing
Godalming
Godalming
Helsing
Godalming
Helsing
Helsing
Arthur's
Helsing
Jack's
Westenra
Lucy's
Lucy's
Helsing
Arthur's
Helsing
patroling
HARKER'S
Guiliano's
beaky
minutes'
Jonathan's
Helsing
Westenra
SEWARD'S
CONT
Quincey
Quincey
Helsing
Lucy's
Helsing's
Quincey
Helsing
woes
polyandrist
Church's
bloofer
bloofer
bloofer
bloofer
BLOOFER
Shooter's
bloofer
HARKER'S
Jonathan's
HELSING
Westenra's
Godalming
others'
Godalming
HELSING
HARKER
HARKER
HARKER'S
Helsing
Jonathan's
tinges
Westenra
Helsing
Helsing
Seward's
Jonathan's
deux
Helsing
Harker
Westenra
Westenra
Helsing
Helsing
darknesses
angels'
Jonathan's
Helsing
Jonathan's
Paddington
HELSING
Helsing
HARKER
P
M
Helsing
Paddington
Harker
HARKER'S
supped
Helsing's
Helsing
Mina'
physiognomist
Mein
Gott
Mein
Gott
SEWARD'S
Renfield
Quincey
cicatrised
Helsing
decoyed
Lucy's
Parr'
ay
vouched
sowed
Helsing
SEWARD'S
cont
Helsing
no'
Lucy's
bloofer
lady'
bloofer
lady'
Helsing
Helsing
Castle'
bicyclists
Westenra
Helsing
Lucy's
turnscrew
turnscrew
Helsing
argumentativeness
Lucy's
Spainiards
hours'
Helsing
Helsing
Lucy's
Helsing
UnDead
UnDead
home'
UnDead
Helsing's
UnDead
Helsing
Helsing
Lucy's
UnDead
HELSING
M
D
UnDead
UnDead
UnDead
UnDead
Lucy's
UnDead
UnDead
Harker
UnDead
HELSING
SEWARD'S
Helsing's
Helsing
Quincey
Helsing's
Godalming
Quincey
Quincey
Quincey
Helsing
Quincey
Helsing
poke'
Helsing
pourparlers
Kingstead
Arthur's
Helsing
Helsing
UnDead
UnDead
Helsing
Helsing
Godalming
UnDead
SEWARD'S
cont
counteractant
Helsing
Helsing
Quincey
UnDead
UnDead
Quincey
Helsing
Quincey
UnDead
Helsing
S
s
s
s
yews
cerements
Westenra
Westenra
Helsing
Helsing
Lucy's
Helsing's
Lucy's
Lucy's
orbs
bloodedness
Helsing
Helsing's
Helsing
Quincey
Helsing
Quincey
Quincey
gravediggers
Helsing
Lucy's
Arthur's
Helsing
unspirited
Lucy's
Helsing
Quincey
Helsing
UnDead
Undead
Undead
nosferatu
Deads
UnDead
UnDead
Helsing
UnDead
Quincey
champed
untrembling
Arthur's
Helsing
Arthur's
Helsing
UnDead
Quincey
Helsing
SEWARD'S
cont
Berkely
Helsing
Harker
Harker
Harker's
UnDead
Paddington
Harker
Fenchurch
Harker
Helsing
HARKER'S
horrorstruck
SEWARD'S
Harker
Harker
Harker's
Helsing
Lucy's
HARKER'S
Lucy's
Jonathan's
Godalming
Gazette'
Gazette'
Dailygraph'
Gazette'
Dracula
SEWARD'S
Harker
Harker
Harker
Harker
Count's
Renfield
Harker
Renfield
Harker
Renfield
vampire's
master'
JOHNATHAN
HARKER'S
Count's
Billington
Billington
Count's
chances'
purposes'
Billington
coastguards
earth'
heavy'
squire'
King's
King's
carriers'
guv'nor
rummiest
Blyme
sence
slep'
urtin'
yer
An'
yer
ole
cike
thort
Lor'
arter
Seward's
HARKER'S
Helsing
Seward's
Lucy's
Godalming
Lucy's
Helsing
trumpet'
Lucy's
Godalming
Harker
Godalming
Lucy's
sorrowing
Lucy's
Lucy's
Ay
SEWARD'S
Harker
carriers'
Harker
Harker
Renfield
Renfield
Harker
Harker
Harker
Harker
Renfield
Harker
Harker
causa
elenche
Harker's
completest
Helsing
Harker
Renfield
pleasanter
Helsing
Quincey
Helsing
Quincey
Harker's
Dracula
Harker
Harker
Helsing
HARKER'S
Seward's
Helsing
Godalming
Godalming
Quincey
Godalming
Lucy's
Godalming
Helsing
Chermosese
Quincey
Dracula
Buda
Pesth
Voivode
Dracula
Turkeyland
Draculas
coevals
Scholomance
Hermanstadt
stregoica'
ordog'
pokol'
Dracula
wampyr
ricochetting
Morris'
Harker
Helsing
SEWARD'S
M
Renfield
Godalming
Quincey
Harker
Godalming
Helsing
Quincey
Harker
Renfield
Godalming
Windham
Helsing
scytheman
Helsing
Renfield
Helsing
imploringly
Helsing
HARKER'S
M
Renfield
Godalming
Helsing
Quincey
indexy
master'
Godalming
windpipes
Lucy's
Seward's
tuas
Domine
hobnails
sickens
Godalming
Count's
Godalming
Godalming
Seward's
Godalming
Helsing
particulari
Count's
pell
check'
Renfield's
tonight's
overslept
SEWARD'S
Harker
Helsing
Helsing
Helsing
Harker
Helsing
Harker
Harker
HARKER'S
Jonathan's
Count's
Renfield's
joinings
Helsing
P
M
Renfield
Jonathan's
HARKER'S
Smollet
Smollet
shirtsleeves
Chicksand
Smollet
guv'nor
an'some
yer
Bloxam
an'
Ounds
Pincher's
an'
Purfleet
an'
thinkin'
Bloxam
summut
guv'nor
keepin'
mayn't
yer
ye'd
mornin'
Smollet
Bloxam
Korkrans
Poters
Cort
Bartel
depite
Smollet's
Poter's
depite
eard
bloomin'
livin'
Smollet's
depity
Bloxam
ware'us
ware'us
Bloxam
guv'nor
forgits
somethink
nothin'
tooked
bloomin'
waitin'
Purfleet
elped
an'
shadder
e
o'
puffin'
an'
blowin'
an'
kem
an'
isself
an'
Yus
an'
an'
ome
Yus
an'
nothin'
nothink
isself
an'
druv
an'
igh
avin'
shillin's
an'
seein'
cussin'
Dracula
uprights
Godalming
Harker
Holmwood
lordship's
tonight's
Seward's
Purfleet
Helsing
Godalming
Godalming's
Quincey's
Count's
Godalming
SEWARD'S
Renfield
Helsing
Malvolio
zoophagy
Harker
Godalming
Quincey
Helsing
Harkers
Renfield
drink'
Renfield
larder'
carnivora
Renfield
Helsing
Renfield
GODALMING
Harker
Suffield
Ville
Lordship's
SEWARD'S
Renfield's
Harker
Harker
Harker
Quincey
Godalming
Helsing
Renfield's
Renfield
SEWARD'S
Renfield's
Eversfield
Helsing
instant's
Renfield
Helsing
Quincey
Helsing
Quincey
Quincey
Helsing
Helsing's
Renfield
Helsing
Renfield
Helsing
Quincey
Helsing's
Renfield
Helsing
Acherontia
Death's
Moth'
ay
Helsing
Harker
sterner
Renfield
Harker
Ay
Helsing
Count's
Harkers'
Quincey
Helsing
Helsing
Harker
Harker's
crucifixes
Quincey's
Helsing
Harker
Count's
Helsing
Helsing
Quincey
Harker
Helsing
Helsing
Helsing
nightrobe
Quincey
Godalming
Helsing
Helsing
concealments
Renfield's
Harker
Harker
Helsing
Quincey
Renfield's
Helsing
Helsing
protectingly
myriads
countermining
Harker
HARKER'S
Helsing
Helsing
Renfield
Helsing
Renfield
Renfield
Helsing
Helsing
Undead
Helsing
Mina's
Helsing
earths'
regle
regle
Mina's
Helsing
Godalming
Quincey
Count's
Godalming
Quincey
Count's
Mina's
Helsing
overmastered
Helsing
Helsing
Mina's
holiest
Helsing
Mina's
Fenchurch
Godalming
Quincey
Helsing
Godalming
Godalming
Godalming
Helsing's
Godalming
Quincey
Godalming
Godalming
Quincey
SEWARD'S
Godalming
Quincey
Harker
Buda
Pesth
Scholomance
Harker
Festina
lente
Harker
Quincey
postman's
Helsing
D
Harker's
Helsing
Helsing
Quincey
Harker's
Helsing
Godalming
Quincey
Quincey
Harker
Helsing
bene
Madam's
Quincey
Helsing
Harker
Godalming
Quincey
pantherlike
unhuman
Harker
Harker
Count's
Count's
Harker
Count's
Harker's
Harker
Godalming
Harker
Helsing
Harker
Harker
Harker
Helsing
Harker
Helsing
Quincey
Godalming
Quincey
Godalming
HARKER'S
reefwards
oblongs
Helsing
Helsing
Godalming
Helsing's
Mina's
Helsing
Helsing
Mina's
Godalming
Count's
Jonathan's
SEWARD'S
Harker
holiest
HELSING
HARKER'S
Helsing's
Dracula
HARKER'S
P
M
Helsing
Godalming
Quincey
Harker
Harker
Helsing
Dracula
Omme
Godalming
Lloyd's
Doolittle's
Doolittle's
Quincey
bloomin'
cared'
captain's
mariners
Ristics
Helsing
Undead
wonderous
Undead
maneater
maneater
enkeen
SEWARD'S
Harker's
Harker
Harker's
Helsing
Helsing
Vampire's
ptomaines
Harker's
Helsing
Helsing
Helsing
Harker
Harker
Helsing
Quincey
Helsing
Quincey's
Harker
Harker
Helsing
HARKER'S
Mina's
Mina's
Helsing
Helsing
Helsing
Helsing
Mina's
Helsing
Godalming
Helsing
Quincey
Mina's
SEWARD'S
Harker
Harker
Helsing
Lucy's
Harker's
hotch
Quincey
Quincey's
Quincey
Helsing
Godalming
Helsing
Lucy's
Harker
sorrowing
v
f
m
HARKER'S
Godalming
Odessus
Helsing
Godalming
Lloyd's
Helsing
Moneybag
Mina's
Godalming
Godalming's
Helsing
Godalming
Count's
unturned
Godalming
Mina's
unvaried
LLOYD'S
GODALMING
H
B
M
SEWARD'S
Helsing
Godalming
Lloyd's
Harker
Helsing
Harker's
Helsing
hours'
Harker
Helsing
Harker
Harker's
Harker
Helsing
Mina's
Harker
Godalming
H
B
M
Galatz
SEWARD'S
Galatz
o'
Godalming
Quincey
Harker
Galatz
Helsing
Harker
Helsing
Dracula
Galatz
Godalming
Helsing
Galatz
Galatz
Harker
Helsing
Helsing
Harker
Harker's
Helsing
Duck'
Count's
Yes'
particulari
universale
pou
sto
Harker
Helsing
Galatz
chiefest
SEWARD'S
Galatz
Galatz
Harker
Helsing
rowlocks
Helsing
Quincey
Harker's
acqueisced
Helsing
Harker
Helsing
Galatz
Harker
Harker
Count's
M
Galatz
Helsing
Helsing
Harker's
Galatz
HARKER'S
Godalming
Godalming
HARKER'S
Helsing
Steinkoff
Godalming's
Donelson
wi'
o'
wi'
ahint
blawin'
yer
An'
a'
wi'
oot
bein'
An'
thocht
wi'
an'
Helsing
o'
Roumanians
lookin'
supersteetion
rideeculous
aboot
joost
a'reet
An'
eneuch
mornin'
Galatz
argy
wi'
aboot
wi'
o'
wi'
Galatz
thocht
an'
o't
althegither
clearin'
an'
nicht
mornin'
an'
airly
Dracula
eneuch
a'
reet
an'
o'
dam'
beginnin'
masel'
aboord
thinkin'
nane
ither
Helsing
tellin'
Burgen
Ville
Galatz
Petrof
Skinsky
Slovaks
Skinsky
Skinsky
Skinsky
HARKER'S
Helsing
HARKER'S
Dracula's
b
x
y
z
Galatz
Skinsky
Skinsky
Donelson's
Count's
Galatz
Count's
Skinsky
Skinsky
Galatz
Skinsky
Skinsky
Skinsky
Slovaks
Szgany
Slovaks
Skinsky
Slovaks
Pruth
Sereth
Sereth
Pruth
Pruth
Sereth
Fundu
Bistritza
HARKER'S
Helsing
Godalming
Harker
Quincey
Slovaks
Helsing
Godalming
Quincey
Bistritz
Borgo
Dracula
Mina's
Helsing
Vampire's
gloating
Godalming
Godalming
Veresti
Borgo
Helsing
HARKER'S
Godalming
Mina's
Count's
Sereth
Bistritza
Godalming
moveable
Godalming
Godalming
Bistritza
Fundu
Bistritza
Sereth
Roumanian
Slovaks
Fundu
Bistritza
Sereth
Fundu
Godalming
Helsing
Veresti
Strasba
SEWARD'S
Fundu
Bistritza
Godalming
HARKER'S
Veresti
Helsing
HARKER'S
Helsing
Bistritz
Helsing
Helsing
Veresti
Helsing
Borgo
M
D
Purfleet
Borgo
Bistritz
Count's
Helsing
precipices
Jonathan's
befooling
HARKER'S
Godalming
Szgany
Goodby
SEWARD'S
Szgany
leiter
HELSING'S
Veresti
Jonathan's
Undead
Undead
Helsing
Undead
Undead
Dracula's
Undead
Undead
HARKER'S
Dracula's
Helsing
kinks
leiter
Quincey
Godalming
Jonathan's
Morris'
Godalming
Helsing
Quincey
Jonathan's
Szgany
Godalming
Jonathan's
Morris's
Dracula
leiter
Quincey
Quincey
Godalming
Helsing's
Helsing
EBook
Dracula
Bram
EBOOK
DRACULA
txt
http
org
tm
tm
eBooks
eBook
eBook
eBooks
tm
tm
http
tm
tm
E
B
tm
C
tm
tm
E
C
PGLAF
tm
tm
tm
tm
tm
D
tm
E
E
tm
tm
eBook
eBook
E
tm
E
E
tm
E
E
E
tm
E
E
tm
E
tm
E
E
tm
E
nonproprietary
tm
tm
E
E
tm
E
E
E
tm
tm
tm
e
s
tm
F
tm
E
tm
F
F
tm
F
F
tm
tm
F
F
F
IS'
MERCHANTIBILITY
F
unenforceability
F
tm
tm
b
tm
c
tm
tm
tm
http
pglaf
org
c
c
http
pglaf
org
U
S
Melan
S
org
http
pglaf
B
tm
http
pglaf
U
S
http
pglaf
org
tm
S
tm
eBooks
tm
eBooks
U
S
eBooks
PG
http
tm
eBooks
eBooks

TOTAL WORDS MISSPELLED   :     2257
TOTAL WORDS IN DICTIONARY:   143091
VALID WORDS IN TEXT      :   153504
