
Misspelled Words in Texts/sherlock.txt

EBook
eBook
eBook
eBooks
EBook
EBOOK
Menendez
Boscombe
V
X
Trepoff
E
g
P
G
t
G'
t'
P
Eg
Eglow
Eglonitz
Egria
uncourteous
horses'
Kramm
Ormstein
Sigismond
Ormstein
Felstein
Clotilde
Lothman
Meningen
Langham
Kramm
Mademoiselle's
ostlers
daintiest
gentleman's
Hankey's
Edgeware
surpliced
expostulating
plumber's
Holmes'
guardsmen
guardsmen
guardsmen
marm
ostlers
Edgeware
Arnsworth
superscribed
Esq
Irene's
Jabez
Holmes'
Jabez
fishes'
Jabez
Omne
Ezekiah
U
S
Jabez
wits'
Londoners
coster's
Jabez
Jabez
planked
B's
overtopped
Jabez
James's
Aldersgate
JABEZ
Mortimer's
McFarlane's
enwrapped
James's
hansoms
Merryweather
Merryweather
Sholto
Merryweather
Merryweather
Farrington
Merryweather
Merryweather
Merryweather
Merryweather
Merryweather
Merryweather
napoleons
napoleons
Merryweather
partie
Holmes'
sir'
Merryweather
accomplice's
Jabez
L'homme
c'est
c'est
plannings
conventionalities
Dundas
Hosmer
Windibank
Tottenham
Windibank
Windibank
Hosmer
gasfitters'
Windibank
Hosmer
Windibank
gasfitters'
Hosmer
Hosmer
Hosmer
Hosmer
Leadenhall
Leadenhall
Leadenhall
chaffed
Hosmer
Windibank
Hosmer
King's
Pancras
Hosmer
Hosmer
Hosmer
Hosmer
Westhouse
Marbank
Fenchurch
Hosmer
brickish
greyish
typewritist
pince
Hosmer
Hosmer
Leadenhall
Hosmer
Angel'
Leadenhall
Windibank
Windibank
Windibank
Hosmer
Hosmer
Windibank
Windibank
e
r
Windibank
e's'
slurred
r's'
Windibank
Windibank
Windibank
Windibank
Hosmer
gentleman's
Windibank
Hosmer
Windibank
Windibank
Hosmer
Westhouse
Marbank
Fenchurch
Windibank
BOSCOMBE
Boscombe
Paddington
Anstruther
Holmes'
Paddington
gaunter
Boscombe
Hatherley
McCarthys
Hatherley
Boscombe
Boscombe
Hatherley
Boscombe
McCarthys
Boscombe
Boscombe
McCarthys
Boscombe
murder'
Lestrade
Lestrade
Lestrade
Lestrade
Hatherley
coroner's
Boscombe
Hatherley
Turner's
Cooee'
dustcoat
Lestrade
Lestrade
Lestrade
caseful
Lestrade
Lestrade
Lestrade
Lestrade
minutes'
Holmes'
improbabilities
Lestrade's
Holmes'
Lestrade
fagged
upbraided
Lestrade
Hatherley
Lestrade
Hatherley
Turner's
Lestrade
Lestrade
Holmes'
Boscombe
Boscombe
Lestrade
Boscombe
Hatherley
Hatherley
Lestrade
Tiptoes
tiptoes
Lestrade
Lestrade
verrons
Lestrade
Lestrade
Cooee'
Boscombe
ARAT
Lestrade
deathbeds
V
Paradol
Grice
Patersons
Uffa
Russell's
pince
Horsham
Tankerville
Openshaw
Openshaw
Jackson's
Horsham
Horsham
pips
K
K
K
K
pips
cashbox
Horsham
K
scummed
Horsham
K
K
K
register'
Openshaw
Horsham
pips
K
K
K
Freebody
Portsdown
footmarks
Horsham
pips
K
K
K
Prendergast
Openshaw
pips
pips
Paramore
Paramore
Horsham
reabsorbed
Openshaw
Sholtos
K
K
K
K
Encyclopaedia'
Openshaw
Openshaw
Openshaw
coroner's
K
K
K
Ku
Ku
pips
Openshaw
pips
B
C'
B
C
C
Openshaw
Openshaw's
Horsham
Openshaw
Openshaw
Horsham
decoyed
Openshaw
unavenged
pips
S
H
J
O
Openshaw
Lloyd's
Star'
Star'
Goodwins
Openshaw
pips
L
S
Isa
D
D
Quincey's
Isa
Swandam
Isa
Whitney's
Swandam
Isa
d'you
Holmes'
Whitney's
sots
Ay
Clair
horses'
Cedars
Cedars
Clair's
balustraded
rifts
Clair
Clair
Clair
Swandam
Clair
Swandam
Clair
Swandam
Clair
Clair
Clair
Clair
Clair's
gentleman's
Clair
vestas
Clair
Clair
Clair's
Clair's
Clair
Clair
coat's
Clair
Cedars
Clair
soie
greyish
Clair
Swandam
Swandam
Clair
Bradstreet
Bradstreet
Bradstreet
beggarman
Clair
tinker's
Clair
Clair
Bradstreet
ay
Swandam
Clair
Bradstreet
Bradstreet
Tottenham
Goodge
roughs
roughs
Baker'
H
B
H
B
brims
daubing
Morcar's
Horner
Horner
inst
Morcar
Horner
Morcar
Horner
Horner
Horner
Cusack
Ryder's
Bradstreet
B
Horner
Horner
Tottenham
Goodge
James's
Horner
Holmes'
Holmes'
roughs
disjecta
membra
Windigate
ulsters
doctors'
Wimpole
Wigmore
Holborn
aproned
them's
Breckinridge
Breckinridge
years'
Holborn
Endell
Breckinridge
D'you
D'you
Oakshott
Oakshott
Windigate
Oakshott
Breckinridge
Oakshott
Oakshott
Proosia
Oakshott
Breckinridge
Windigate
claspings
unclaspings
bonniest
game's
Morcar's
Cusack
ladyship's
Horner
Cusack
Horner
Horner
Oakshott
Maudsley
Pentonville
Kilburn
Kilburn
Jem
Jem's
huffed
Kilburn
dealer's
Jem
dealer's
Breckinridge
Jem
Breckinridge
Holmes'
Horner
Roylotts
Grimesby
Roylott
Farintosh
Farintosh
Roylotts
Roylott
Roylott
Roylott
Roylott
stepfather's
Honoria
Westphail
Roylott's
Roylott
Armitage
Armitage
Armitage
Roylott
stepdaughter's
fleshless
Grimesby
Roylott
Doctors'
morning's
Eley's
pokers
Grimesby
Roylott
Roylott
blotched
outsides
Roylott's
counterpaned
ventilators
Grimesby
Roylott's
stepfather's
pity's
Roylott
Grimesby
Roylott
Roylott's
coroner's
goodness'
unrepaired
Holmes'
Roylott's
Grimesby
Grimesby
Roylott
snakish
Grimesby
Roylott's
Hatherley's
Warburton's
Paddington
dooties
Paddington
Hatherley
caraffe
dottles
rashers
Hatherley
Venner
Matheson
Stark'
Hatherley
Hatherley
fleshless
Eyford
Paddington
Eyford
fuller's
fuller's
Eyford
fuller's
Hatherley
Eyford
intrusted
fuller's
Paddington
Eyford
Eyford
fuller's
blotches
whishing
fuller's
fuller's
inst
Hayling
Eyford
Bradstreet
Bradstreet
Bradstreet
Hatherley
coiners
Eyford
Bradstreet
Becher's
Becher
Becher
Hatherley
Holmes'
X
Jezail
Lestrade
Vere
Doran
Aloysius
Doran
Esq
U
S
Doran
Doran
Westbury
Birchmoor
Aloysius
Doran
Petersfield
Wedding'
Aloysius
Doran
Eustace
Aloysius
Doran
Aloysius
Doran
Millar
danseuse
Hatty
Doran
fait
accompli
Doran
Millar
Doran's
Doran's
Lestrade
decoyed
Thoreau's
Lestrade
Lestrade
Lestrade
Millar
Lestrade
Millar
F
H
M
decoyed
Millar
Lestrade
Lestrade
Lestrade
Lestrade
Lestrade
Lestrade
confectioner's
McQuire's
miners'
Frank's
Lestrade
Simon's
miners'
Lestrade
H
resounded
imbedded
beryls
beryls
Bankers'
Streatham
sterner
Burnwell
Burnwell
beryls
Arthur's
beryls
Arthur's
Burnwell
Arthur's
Streatham
banker's
Holmes'
Fairbank
Fairbank
tradesmen's
tradesmen's
Holmes'
banker's
jeweller's
footmarks
o'
Burnwell
footmarks
servants'
Burnwell
tradesmen's
Burnwell
Streatham
Burnwell
plover's
Westaway's
Westaway
Stoper
Stoper
Stoper
Beeches
faddy
faddy
ladies'
ladies'
Stoper
Stoper
Beeches
Stoper
JEPHRO
RUCASTLE
Rucastle
Rucastle
acetones
steadings
Rucastle
Rucastle
Rucastle
Beeches
Southerton's
beeches
Rucastle
Rucastle
Rucastle
Rucastle
Rucastle
Beeches
Rucastle
Rucastle
Rucastle
Rucastle
railings
Rucastle
Jephro
Rucastle
Beeches
Rucastle
Rucastle
goodness'
beeches
Rucastles
Tollers
Rucastle
Rucastle
unpapered
uncarpeted
barricaded
Rucastle
overdid
again'
Rucastle
Rucastle
Rucastles
Beeches
Rucastles
Rucastle
Rucastle
cruelty's
Beeches
Rucastle's
Holmes'
Hunter's
Rucastles
Rucastle's
Rucastle
ha'
Alice's
Rucastle's
death's
Rucastle
Rucastle
standi
beeches
Rucastle
Rucastle's
Rucastle
EBOOK
txt
eBooks
eBooks
eBooks
eBooks
eBooks
http
http
promo
eBooks
eBook
http
ibiblio
org
ibiblio
org
docs
eBook
eBooks
eBooks
eBooks
eBooks
eBooks
PMB
c
http
S
eBook
eBook
eBook
eBook
eBook
TM
tm
eBook
tm
eBooks
S
eBooks
eBooks
eBook
eBook
tm
eBook
eBook
EBOOK
EBOOK
eBook
eBook
tm
eBook
eBook
eBook
eBook
eBook
eBook
eBook
eBook
eBook's
C
S
eBooks

TOTAL WORDS MISSPELLED   :      859
TOTAL WORDS IN DICTIONARY:   143091
VALID WORDS IN TEXT      :   100643
