
Misspelled Words in Texts/surgery.txt

Gutenberg's
eBook
eBook
org
EBook
EBOOK
Wisewell
http
pgdp
Transcriber's
apothecaries'
C
F
ae
UTF
HTML
HTML
F
R
C
S
F
R
C
S
FROWDE
HODDER
STOUGHTON
W
C
GIBB
V
X
Streptococci
communis
Fraenkel's
Pneumococci
Bier's
Klapp's
Klapp's
Bazin's
aet
Cancrum
Oris
Actinomyces
pallida
Spirochaeta
refrigerans
Rupia
Ulcerating
Pedunculated
Lipomatosis
Zanthoma
Zanthoma
fungating
aet
Cicatricial
Corradi
Hygroma
aet
Lymphadenoma
aet
Lympho
Neuromas
Neuromas
Fibromatosis
Fibromas
Molluscum
fibrosum
Neuromatosa
aet
Callosities
aet
Wens
Lymphatics
Subungual
Volkmann's
Ischaemic
Ilio
Ossifying
Myositis
Hydrops
Prepatellar
Ischial
resected
Brodie's
Brodie's
Periosteal
Dactylitis
Dactylitis
Ostitis
Deformans
Ostitis
Deformans
Fibrosa
Femora
Fibrosa
Exostoses
Exostoses
Exostoses
Exostoses
Chondromas
Metacarpals
Chondromas
Chondromas
Periosteal
Periosteal
Chondro
Osteo
Osteo
Chondro
Epitheliomatus
Caseating
Deformans
Deformans
Deformans
Deformans
Charcot's
Charcot's
Charcot's
Charcot's
Chondromas
Cicatricial
cicatricial
leucocytes
leucocytes
capillaries
cicatricial
fibroblasts
fibroblasts
fibroblasts
phagocytic
cicatricial
Cicatricial
fibroblasts
capillaries
cicatricial
Malpighii
cornified
greyish
gastro
fibroblasts
cicatricial
leucocytes
sero
cicatricial
cicatricial
cicatricial
leucocytes
fibroblasts
g
unabsorbable
chromicised
Malpighii
p
cicatricial
cartilages
cicatricial
fibroblasts
fibroblasts
cicatricial
cicatricial
cicatricial
decapsulation
peritoneal
peritoneal
leucocytes
cicatricial
p
Thiersch
Leipsic
Thiersch's
novocain
lanoline
lata
dura
sacs
functionate
Tuffier
thyreoid
functionate
Hilton's
Bright's
flagella
Streptococci
flagellae
F
F
Rontgen
capillaries
staphylococci
streptococci
pneumococcal
derangements
gastro
biniodide
leucocytes
ingesting
polymorpho
leucocytes
leucocytes
polymorpho
leucocytes
phagocytic
streptcoccic
c
c
g
erythematous
E
pneumococcal
gonococcal
communis
x
diam
carbuncles
inflammations
Streptococci
x
diam
Pyogenes
leucocytes
Streptococci
phlegmonous
erysipelatous
inflammations
suppurations
Streptococci
communis
x
diam
Leishman's
Communis
peritoneal
flagellae
Fraenkel's
Pneumococci
x
diam
Muir's
diplococci
pneumo
inflammations
Typhosus
pyocyaneus
tetragenus
actinomyces
leucocytes
leucocytes
nucleinate
minims
leucocytes
leucocytes
leucocytes
eosinophile
leucocytes
leucocytes
polymorpho
leucocytes
trichiniasis
eosinophile
leucocytes
leucaemia
leucocytes
leucocytes
F
leucocytes
leucocytes
leucocytes
leucocytes
primiparae
leucocytes
leucocytes
leucocytes
poisonings
leucocytes
effusions
leucocytes
leucocytes
leucocytes
transudes
leucocytes
opsonins
leucocytes
p
Celsus
D
uninflamed
hyperaemic
leucocytes
encapsuled
gastro
derangements
F
F
C
F
F
F
F
antiseptics
F
Bier's
hyperaemic
Klapp's
hyperaemic
Klapp's
emunctories
calcis
saccharatus
diuretics
Dover's
ammoniae
acetatis
antiseptics
strychnin
Gastro
effervescing
caffein
inflammations
ichthyol
ichthyol
icebags
Leiter's
styptics
Klapp's
inflammations
inflammations
inflammations
inflammations
fibromatosis
X
cauteries
setons
staphylococci
communis
cholestrol
leucin
tyrosin
albumoses
leucocytes
leucocytes
suppurations
cholestrol
communis
pyocyaneus
lymphatics
pyosalpynx
lymphatics
leucocytes
leucocytes
leucocytes
leucocytes
fasciae
loculi
cicatricial
cicatricial
necrosed
sarcomata
angiomatous
aneurysms
haemophylics
Klapp's
p
F
everted
unabsorbable
albus
cicatricial
intermuscular
lymphatics
lymphatics
F
blebs
streptococci
leucocytes
lymphatics
emboli
Bier's
ichthyol
eusol
eusol
Dakin's
dorsiflexed
douching
Klapp's
streptococci
Malpighii
corneum
corneum
b
b
c
d
e
c
F
d
fasciae
intercarpal
Bier's
perseveringly
interphalangeal
Hilton's
prepatellar
p
Beck's
p
cicatricial
Fistulae
lacrymal
ano
fistulae
fistulae
Fistulae
unobliterated
urachus
Meckel's
strychnin
morphin
F
urates
b
necrosed
eusol
F
contra
F
urates
haemorrhages
emboli
emboli
emboli
pyaemic
pyaemic
F
icteric
conjunctivae
sordes
supervenes
Bier's
emboli
resecting
V
B
Bright's
everted
indurated
leucocytes
greyish
blebs
Rontgen
prominences
malleoli
condyles
malingerers
phlebitic
sero
Cotterill
syringo
myelia
arterio
dorsiflexed
unopposed
extensors
shreddy
phlyctenular
epithelioid
Bazin's
aet
gummata
indurated
greyish
indurated
glairy
clots
fungating
B
indurated
interosseous
intermuscular
Cathcart
antiseptics
everted
ulcerating
emboli
Lister's
eusol
creolin
pharmacopoeial
asepticity
Bier's
asepticity
antiseptics
Chipault
callosities
Bright's
cicatricial
contra
Rontgen
Bier's
Klapp's
eusol
minims
percha
cicatrisation
Syme
epispasticus
emplastrum
cantharidis
Martin's
W
G
superadded
ichthyol
superadded
arterio
atheromatous
arterio
endarteritis
capillaries
p
dieted
metatarso
tarso
prepatellar
Gritti's
condylar
catheterising
iliacs
femorals
profunda
verging
prominences
supervenes
Paget
Paget
oftenest
hyperaemic
Raynaud's
endarteritis
Raynaud's
ergotin
predisposing
anaerobes
diplo
streptococci
cellulitic
lymphatics
antiseptics
putrefying
flagella
anaerobes
indurated
cancrum
oris
sordes
Cancrum
oris
T
Beatson
Condy's
cicatricial
mammae
eschar
greyish
malleoli
streptococci
blebs
F
lymphatics
linimentum
iodi
streptococci
ichthyol
emunctories
gr
Loffler
tonsils
necrosed
leucocytes
superadded
leucocytes
indrawing
paroxysms
asphyxiated
Klebs
Loffler
Macewen
Annandale
hypertonus
ganglia
ganglia
collaterals
x
diam
suppurating
F
F
F
thyreoid
g
hypertonus
twitchings
temporo
antiseptics
thecally
anaphylactic
Baccelli
c
c
c
c
Sedatives
hydrophobicus
Paquelin
Pasteur's
palliated
herbivora
C
x
diam
oftenest
sorter's
indurated
indurated
extravasated
indurated
eschar
necrosed
eschar
F
eschar
Sclavo's
Sclavo
c
c
pyocyanase
pyocyaneus
indurated
Graf
Wiewiorowski
mallei
greyish
epithelioid
lymphatics
F
pyaemic
mallein
lymphatics
indurated
lymphatics
indurated
inflames
suppurates
streptothrix
actinomyces
x
diam
actinomyces
actinomyces
actinomyces
actinomyces
iodides
periosteal
D
P
D
superadded
X
iodides
cacodylate
indurated
dorsiflexion
iodides
Furunculus
orientalis
oftenest
papular
desquamation
cicatricial
CHIGOE
Chigoe
wheals
alkalies
ammoniae
ecchymosed
lymphatics
melaena
strychnin
Calmette
thyreoid
x
diam
Z
Neilsen
tonsils
lacteals
Da
lymphatics
discomforts
proteids
caseated
douched
leucocytes
Klapp's
sequestra
caseated
leucocytes
shreddy
ilii
Poupart's
superadded
sacro
drams
Volkmann
Barker's
Dakin
B
P
P
bipped
superadded
Pirie
subcarbonate
X
Columbus'
endothelioid
Schaudinn
spirilla
Spirochaeta
pallida
x
diam
Burri
papules
condylomata
Giemsa's
Spirochaeta
refrigerans
x
diam
Burri
gummata
Neisser
indurated
Ricord
indurated
necrosed
condylomata
Indurated
Poupart's
indurated
superadded
deferens
epitrochlear
D'Arcy
J
Keogh
Ducrey
Ducrey's
minora
fourchette
balanitis
Ducrey's
superadded
eusol
eusol
C
H
ichthyol
c
c
indurated
buboes
minims
g
indiscretions
papules
balanitis
lanoline
Metchnikoff's
bougies
p
polymorpho
leucocytes
F
macular
papules
roseoles
papules
roseoles
papular
Rupia
papules
mammae
condylomatous
papular
tonsils
tonsils
papules
tibiae
ulnae
hydrops
atropin
perivascular
lymphatics
papules
c
c
c
c
basilic
Hata
dihydrochloride
dioxydiamido
arseno
salvarsan
kharsivan
arseno
diarsenol
salvarsan
grm
salvarsan
kharsivan
novo
arseno
diarsenol
grm
Galyl
luargol
basilic
platino
grm
grm
grms
grm
grm
Wassermann's
contra
contra
aortitis
Bright's
contra
Hydrarg
c
cret
gr
ferri
sulph
exsiccat
gr
platino
drams
minims
tumblerfuls
ammoniated
Unna
condylomata
Klapp's
atropin
Hata
months'
papular
leucoplakia
greyish
greyish
caseated
caseated
Ulcerating
Stopford
R
W
Mackenna
Bazin's
p
aet
cicatricial
tibiae
gummata
infiltrations
cicatricial
aet
iodides
iodides
vaselin
indurated
buboes
muco
Byrom
Bramwell's
papules
papules
snuffles
epiphysial
ossifying
Parrot's
craniotabes
natiform
eminences
Craniotabes
gummata
ozaena
dactylitis
thickenings
indurated
dwarfing
snuffles
condylomata
Dwarfing
epiphysial
eminences
Hutchinson's
oculi
choroiditis
gummata
tibiae
Colles
grm
novarsenbillon
atropin
X
Dermoids
Cohnheim
dermoids
sequestrated
osteomas
lipomas
prolongations
offshoots
thyreoid
fibroids
pedunculated
unsightliness
Pedunculated
years'
aet
Dercum
Lipomatosis
lymphangioma
peritoneal
peritoneal
Lipomas
lata
Zanthoma
aet
H
J
Stiles'
luteum
X
Zanthoma
greyish
myxomatous
chondro
dactylitis
infraspinous
chondromas
X
chondromas
epiphysial
epiphysial
Rontgen
p
exostoses
odontoma
Odontomas
odontoma
multilocular
glairy
multilocular
Odontoma
odontoma
osteomas
Odontomas
odontomas
odontoma
odontoma
fibromas
naso
intermuscular
overgrowths
lipomatosis
fibromatosis
Myxomatous
sarcomas
Myxomatous
J
W
Struthers'
X
Bence
ureters
sequestrated
glio
endotheliomata
intermuscular
nodulated
chondro
osteo
Sarcomas
lymphatics
capillaries
cava
aet
fungates
Sarcomas
Paget
Fungating
J
M'Watt's
angiomas
spheno
synchondrosis
sacro
coccygeal
X
X
X
Coley's
prodigiosus
papillomas
papillomas
thyreoid
adenomas
pedunculated
polypi
Adenomas
myxomatous
intracystic
thyreoid
indurated
diploe
emboli
plexuses
metastases
nodularly
indurated
necrosed
majus
Rontgen
thyreoid
ureters
carcinomatous
g
X
Rontgen
X
epitheliomas
Rontgen
X
indurated
outgrowths
cicatrisation
DERMOIDS
Askanazy
sequestrated
desquamated
cholestrol
coccygeal
thyreo
glossal
dermoids
Tubulo
dermoids
dermoids
dermoids
dermoids
suppurates
Dermoids
X
Dermoids
Dermoids
multilocular
pultaceous
dermoids
sacs
wens
thyreoid
hydatids
hydatids
hydatids
hydatids
Pfeiler
echinococcal
hydatids
extravasated
pouching
lymphangiomas
hygroma
intercarpal
dorsiflexed
Ganglia
aet
intertarsal
Ganglionic
Ganglia
multilocular
Ledderhose
ganglia
Ganglia
haemorrhages
reabsorbed
extravasated
extravasated
fasciae
extravasated
extravasated
F
extravasations
extravasated
reabsorbed
blebs
extravasated
eusol
fasciae
Lister's
everted
fasciae
asepticity
Bier's
Cicatricial
engrained
eusol
bipp
uncultivated
streptococci
J
T
X
g
antiseptics
tattooing
everted
X
J
W
Dowden's
everted
Dum
Dum
morphin
amputations
B
P
P
fibroblasts
tattooing
fibroblasts
X
X
peritoneal
Rontgen
cerebro
extravasations
Bardeen
Dupuytren
F
desquamation
hyperaemic
Unna
p
greyish
eschars
cicatrices
flexures
Cicatricial
F
broncho
cerebritis
asepticity
morphin
cicatrisation
drams
molle
C
Carron
cicatricial
cicatrices
flexures
Thiersch
X
epilation
X
X
eschar
wheals
Lister's
amputations
antiseptics
C
F
Schimmelbusch
biniodide
biniodide
Grossich
peritoneal
Kocher
Cladius
Moschcowitz
Salkindsohn's
Kocher
antiseptics
Crile
adrenals
g
capillaries
sarco
greyish
F
F
Crile
F
F
scopolamin
morphin
Crile
hydrochlorate
minims
p
strychnin
contra
vaso
F
p
morphin
atropin
superadded
osteotomies
resections
capillaries
capillaries
functionating
conjunctivae
extravasations
Beatson
extravasations
cocain
oftenest
tipplers
F
sulphonal
trional
Morphin
hyoscin
thyreoid
genito
tremens
Arterio
Thrombo
ANGIOMATA
ANEURYSMS
externa
cavae
tributaries
distends
clots
avulsed
extravasated
Lembert
p
extravasated
arterio
extravasated
arterio
strychnin
externa
leucocytes
p
p
b
muscularis
externa
c
cicatricial
clots
cicatricial
b
zygoma
Macewen
Momburg
Esmarch
Foulis
amputations
thyreoid
angiotribes
Paquelin's
haemostatics
ulcerating
clots
Horsley's
Horsley
thrombo
coagula
clots
dartos
clots
clots
Douching
F
morphin
Listerian
suppurating
haemorrhages
clots
eusol
bipp
Petit's
hypogastric
haemorrhages
twitchings
sphincters
strychnin
p
F
minims
p
D
F
M
F
MB
MB
M
F
F
F
MB
F
aet
MB
MB
MB
M
M
M
MB
F
F
F
M
M
MB
F
F
F
M
F
MB
M
MB
M
M
M
MB
MB
F
F
F
F
M
MB
capillaries
haemorrhages
F
haemorrhages
haemorrhages
ecchymoses
F
haemophilics
hemoplastin
sheep's
Monro
emetin
toxaemias
X
emboli
pyaemic
emboli
emboli
externa
endarteritis
arterio
Bright's
Atheromatous
flexures
Arterio
Matas
infolding
THROMBO
herniotomy
ichthyol
douching
tributaries
emboli
pyaemic
tributaries
racemosum
racemosum
cava
arterio
sacs
periphlebitis
percussed
Trendelenburg's
years'
emboli
Phleboliths
contra
resecting
C
H
enucleators
Babcock's
periphlebitis
angiomas
angiomas
capillaries
venules
naevi
naevi
capillaries
capillaries
naevi
naevi
naevi
Paquelin
escharotics
naevi
retrogressing
bifida
naevoid
naevi
cicatricial
naevi
igni
naevi
naevoid
cicatricial
cicatrisation
naevoid
naevi
capillaries
capillaries
aet
J
W
Dowden's
narrowings
dilatations
Cotterill
affluents
arterio
dilatations
arterio
navvies
predisposing
arterio
fasciae
dicrotic
cartilages
whifling
aneurysms
extravasated
extravasated
p
W
aneurysmorrhaphy
Matas
Matas'
clots
Anel
Scarpa's
Hunter's
Syme
Hunterian
Hunterian
supervenes
Brasdor
Wardrop
aneurysms
Corradi
Corradi
aet
F
Fergusson
ARTERIO
arterio
basilic
Arterio
tributaries
Makins
clots
ANEURYSMS
X
pouching
Macewen's
Macewen's
X
peritoneal
peritoneal
Corradi
pouching
Vaso
aet
Corradi
Wardrop's
Corradi
Macewen's
Aneurysms
aneurysms
thyreoid
aneurysms
aneurysms
Matas'
Pringle
arterio
basilic
Aneurysms
Aneurysms
Poupart's
lata
Poupart's
aneurysms
peritoneal
peritoneal
trans
peritoneal
hypogastric
trans
peritoneal
profunda
Scarpa's
Hunter's
Matas'
Hunter's
Matas'
aneurysmo
arteriorrhaphy
Hunterian
Syme
Lymphangiectasis
Lymphangioma
Lymphadenoma
Leucocythaemia
capillaries
leucocytes
leucocytes
leucocytes
involuted
paramandibular
alae
nasi
digastric
glandulae
concatinatae
thyreoid
digastric
capitis
anticus
epi
epi
epi
Poupart's
lymphatics
lymphatics
dropsical
dissections
peritoneal
pyogenes
Bier's
Klapp's
lymphatics
nodularly
lymphangitic
lymphatics
indurated
lymphatics
lymphangiectasis
lymphatics
eosinophile
chyluria
pouching
lymphangioma
prolongations
haemangioma
haemangioma
igni
cicatrisation
Hygroma
Lediard
ranula
haemangioma
cicatrisation
lymphatics
cicatrise
Lymphangiomas
noxa
gonococci
tonsils
otorrhoea
balanitis
suppurations
streptococci
suppurating
necrosed
streptococci
hyperaemic
periglandular
Hilton's
aet
epithelioid
caseated
tonsils
cicatrisation
lympho
lymphadenoma
thyreoid
X
X
inframaxillary
p
tonsils
X
fungating
caseated
aet
mediastinal
peritoneal
Lymphadenoma
aet
years'
mammae
lymphadenoma
Lympho
leucocythaemia
lymphadenoma
salvarsan
X
leucocytes
lymphadenoma
Lympho
X
lympho
fungating
G
L
Chiene's
lympho
thyreoid
Ranvier
lymphatics
Sherren
g
F
cms
Stoffel
resecting
teres
radialis
palmaris
resected
neuromas
resected
Neuromas
G
cicatricial
Wallerian
sensori
musculo
F
Sherren
F
F
vaso
Arthropathies
hydrops
pp
douched
Sherren
Purves
Tinel
percussing
g
Tinel's
Purves
Paroxysms
thermalgic
thermalgic
overstretching
extensors
supervenes
twitchings
ichthyol
Corrigan's
intoxications
beri
beri
equino
ganglionic
plexuses
fibromatosis
myxomatous
myxomatous
resecting
ganglia
p
Fibromatosis
Recklinghausen's
neuromata
overgrowths
endoneural
cerebro
fibromatosis
ganglia
ganglia
fibromatosis
R
W
fibromatosis
Garre
aet
Annandale's
fibromatosis
fibromatosis
trigeminus
fibromas
Molluscum
fibrosum
Recklinghausen's
pedunculated
pachy
dermatocele
molluscum
fibrosum
Neuromatosa
aet
fibromatosis
Sherren's
spinati
rhomboids
Erb
Duchenne
spinati
brachialis
supinators
extensors
teres
extensors
flexors
Klumpke
Erb
Duchenne
Erb
Duchenne
spinati
spinati
coraco
brachialis
brachialis
brachio
radialis
supinated
brachialis
Musculo
musculo
extensors
supinators
dorsiflex
interossei
lumbricals
anconeus
douching
dorsiflexed
dorsiflexion
radialis
digitorum
communis
interosseous
quadratus
interosseous
palmaris
anastomosed
pollicis
ossis
metacarpi
pollicis
ulnaris
anastomosed
extensors
interosseous
musculo
musculo
Sherren
pollicis
metacarpo
interosseous
opponens
lumbricals
ossis
metacarpi
pollicis
lumbricals
Sherren
ulnaris
digitorum
profundus
interossei
lumbricals
adductors
metacarpo
interosseous
lumbricals
ulnaris
palmaris
sublimis
pollicis
cubitus
hamstrings
hamstrings
gracilis
dorsiflex
equino
resecting
oxaluria
ischial
vaso
sacro
deformans
oxaluria
thermogene
Salter's
morphin
douching
c
c
Billroth
epileptiform
Gasserian
paroxysms
paroxysms
paroxysms
c
c
novocain
Schlosser
H
rotundum
ovale
wens
CICATRICES
corneum
lucidum
granulosum
Malpighii
lymphatics
indurated
callosities
spongiopilene
pared
Callosities
pared
ichthyol
capsicum
Bier's
Carbuncles
Garre
necrosed
Bright's
eschar
Klapp's
greyish
days'
aet
codein
strychnin
lymphatics
fungating
cicatricial
everted
cartilages
aet
unshapely
epitheliomas
lymphatics
Rontgen
sporothrix
Shenkii
lymphatics
E
arabum
Barbadoes
streptococci
Bancrofti
aet
lymphatics
lymphatics
fungating
Annandale's
fibromatosis
Atheromatous
wens
greyish
pultaceous
wens
fungating
Wens
dermoids
Dermoids
wens
Wens
years'
wens
wens
Overgrowths
Soldau
fibromatosis
X
cornified
keratomata
Maclachan's
pedunculated
fibromatosis
fibromas
Paget
pedunculated
majora
C
W
Cathcart
exsiccated
fungate
rhinophyma
nasi
indurated
Neve's
X
epitheliomas
years'
Cotterill's
Rontgen
X
X
fungate
lymphatics
indurated
Lymphatics
Pringle
lymphatics
Metastases
D
P
D
CICATRICES
cicatricial
tattooing
X
aet
prolongations
lymphatics
extravasated
onychia
onychia
Subungual
onychia
overstretching
golfer's
latissimus
dorsi
sacrospinalis
spinae
sculler's
angler's
extensors
supinators
sprinter's
flexors
jumper's
dancer's
gastrocnemius
plantaris
tendo
adductors
Pagenstecher
supinated
Achillis
peroneus
brevis
everted
peroneus
suppurates
resecting
extensors
radialis
pollicis
vaso
aponeuroses
Gowers
sacro
oxaluric
medius
indurated
lata
aponeuroses
salicylates
antipyrin
morphin
Volkmann's
Ischaemic
Knaggs
Myositis
Volkmann
myositis
cicatricial
ischaemic
interphalangeal
metacarpo
R
dorsiflexion
myositis
hamstrings
myositis
gummata
indurated
gastrocnemius
tendinitis
tendo
overstrained
douching
Fasciae
ossificans
fasciae
deformans
Charcot's
spicules
Ilio
crureus
vastus
lateralis
X
brachialis
coronoid
C
Dighton
Billroth
Ossifying
Myositis
fasciae
latissimus
Ossifying
Myositis
Rustomjee
ossifying
chondro
dissections
peritendinous
perimuscular
teno
Crepitans
teno
etiological
teno
extensors
riveters
peronei
digitorum
tibialis
tendo
Bier's
ichthyol
Teno
urates
Teno
Teno
phlegmon
Bier's
hydrops
peronei
Bier's
extensors
peronei
gummata
hydrops
prepatellar
prepatellar
housemaid's
miner's
ischial
weaver's
tailor's
prepatellar
housemaid's
prepatellar
deformans
thickenings
Hydrops
Prepatellar
Hydrops
prepatellar
subdeltoid
hydrops
gummata
miner's
T
Beatson
acromial
Dawbarn's
Codman
finger's
weaver's
tailor's
Scarpa's
ilio
ilio
housemaid's
Ischial
Skirving's
ligamentum
membranosus
hydrops
tailor's
tendo
Achillis
Achillo
tendo
tendo
subcalcanean
Pott's
Hydatids
Ostitis
deformans
Paget
fibrosa
Fragilitas
ossium
epiphyses
epiphysial
ossifying
epiphysial
osteoblasts
ossifying
epiphysial
ossifying
epiphyses
Macewen
osteoblasts
osteoblasts
osteoblasts
ununited
osteoblasts
thyreoid
Bier's
spicules
epiphysial
epiphysial
cartilages
functionate
epiphyses
epiphysial
epiphysial
epiphyses
ossifying
ossifying
epiphyses
osteoblasts
decalcified
Macewen
ossifying
ossifying
metaphysis
epiphysial
ossifying
Staphylococci
ossifying
ossifying
X
ossifying
ossifying
epiphysial
periosteal
ossifying
ossifying
epiphysial
staphylococci
ossifying
suppurations
suppurations
toxaemic
sordes
erythematous
nodosum
ossifying
ossifying
Kocher
salicylates
metastases
ossifying
hyperaemic
resected
epiphyses
osteogenetic
osteoclasts
periosteal
ossifying
sequestra
sequestrectomy
trigone
Trigone
X
cloacae
Sequestra
X
sequestra
trigone
bipp
Mosetig
Moorhof
F
X
ossifying
epiphysial
staphylococci
Brodie's
Brodie
ossifying
diverticula
sequestra
Journ
resected
Brodie's
hydrops
Brodie's
X
Brodie's
Brodie's
Brodie's
Paget
X
costo
chondral
Widal
osteotomies
amputations
resections
fungated
fungating
cloacae
X
periosteal
Periosteal
sequestra
periosteal
periosteal
X
periosteal
spicules
periosteal
trabeculae
encysted
aet
rarefying
ostitis
sequestra
endarteritis
periosteal
H
J
ossifying
periosteally
X
ankylosed
X
periosteally
periosteal
dactylitis
dactylitis
dactylitis
Dactylitis
dactylitis
Bier's
X
periosteal
Dactylitis
tibiae
ulnae
gummata
superadded
sequestra
gummata
diploe
dura
gummata
superadded
dura
pachymeningitis
ozoena
periosteal
periosteal
X
Parrot's
epiphysitis
bossing
craniotabes
Perichondritis
ossifying
X
T
Beatson
dactylitis
echinoccus
superadded
hydatids
X
resected
ostitis
deformans
fibrosa
fragilitas
ossium
proteids
malacia
spicules
epiphysial
cartilages
ossifying
epiphysial
costo
chondral
ossifying
epiphysial
fontanelles
eminences
costo
chondral
xiphi
cartilages
epiphysial
epiphysial
everted
acetabular
femora
malacia
valgum
varum
recurvatum
Thomas'
ossifying
Cheadle
haemorrhages
periosteal
X
Haemorrhages
cow's
scorbutics
F
Bence
Deformans
Paget's
Paget
X
diploe
Ostitis
Deformans
Byrom
Bramwell
Ostitis
Deformans
Fibrosa
Paget's
Fibrosa
Femora
aet
slenderest
haemorrhages
fibrosa
X
bossing
fibromatosis
Fibrosa
X
epiphysial
Charcot's
X
bendings
thickenings
X
Osteo
incurved
epiphysial
periosteal
periosteal
pedunculated
nodulated
Exostoses
fossae
X
Exotoses
T
Beatson
Exostoses
thyreoid
epiphyses
ossifying
cristal
cristal
ossifying
ossifying
dwarfing
Exostoses
aet
chondro
metastases
outgrowths
fibrosa
Exostoses
aet
Leontiasis
Ossea
leontiasis
ossea
fossae
zygomatic
exostoses
myxomatous
glairy
chondromatosis
exostoses
Chondromas
Metacarpals
aet
X
myxomatous
Chondromas
chondromas
pedunculated
resected
Chondromas
aet
chondromas
X
Chondromas
sacro
periosteal
fibrosa
sarcomas
haemorrhages
X
metastases
X
X
Brodie's
fibrosa
cystica
J
W
Struthers'
Bloodgood
Esmarch's
resected
myelomatosis
albumosuria
Bence
p
diploe
sarcomas
diploe
spicules
ossifying
chondro
Periosteal
Periosteal
Chondro
aet
metastases
periosteal
Osteo
X
Osteo
periosteal
ossifying
spicules
pathognomic
X
Chondro
aet
X
periosteal
metastases
sarcomas
metastases
Mikulicz
resecting
resected
X
metastases
metastases
Epitheliomatous
Lister's
metastases
nephroma
metastases
thyreoid
thyreoid
contra
X
metastases
fibrosa
sero
Hydrops
deformans
arthropathies
deformans
sero
extensors
wakens
fasciae
b
c
temporo
ossifying
ankylosed
Arthroplasty
arthroplasty
resected
outgrowths
deformans
J
B
trabeculae
c
c
septicaemic
pyaemic
arthroplasty
osteotomies
resections
Fraenkel
pneumococcal
vulvo
sero
phlegmon
gonococcal
cartilages
salicylates
salicylates
c
c
hydrops
protargol
arthroplasty
Konig
lymphatics
caseating
tubercles
tubercles
caseating
tubercles
pedunculated
deformans
cancelli
lymphatics
spicules
periosteal
superadded
epiphysial
salicylates
X
prominences
startings
F
Scott's
X
cicatricial
Kocher
cartilages
resected
gummata
gummata
osteo
periosteal
condyles
superadded
Urica
biurate
urates
metatarso
deformans
Bier's
inflammations
cartilages
crackings
Salicylates
Strathpeffer
Aix
Malum
deformans
carnivora
gastro
deformans
metatarso
deformans
deformans
haemorrhages
unreduced
Deformans
Poncet
Lyons
deformans
Deformans
Deformans
intermuscular
outgrowths
osteophytes
arthropathies
hydrops
crackings
infirmaries
hydrops
Charcot's
pedunculated
hydrops
distending
Deformans
temporo
Heberden's
crackings
cartilages
condyles
hydrops
ligamentum
teres
cicatricial
X
osteophytes
Deformans
aet
Dickson's
douches
gr
v
j
j
temporo
strychnin
guaiacol
cachets
grs
grs
Aix
Gastein
Strathpeffer
Wildbad
resecting
F
haemorrhages
deformans
c
c
ARTHROPATHIES
dorsalis
Charcot's
arthropathies
Babinski
Charcot's
hydrops
Charcot's
gliomatous
arthropathies
Charcot's
aet
Charcot's
aet
arthrodesis
hydrops
Brodie
Rontgen
Corrigan's
polypoidal
p
ganglia
hydrops
Morrant
Baker's
oryzoidea
deformans
Charcot's
hydrops
crepitating
hydrops
membranosus
aet
J
W
Dowden's
deformans
Charcot's
hypertrophies
pedunculated
aet
b
deformans
Charcot's
Chondromas
deformans
aet
overstretched
concavo
nodulated
Konig
osteochondritis
dessicans
Chondromas
Osteomas
pedunculated
diverticula
deformans
X
Brodie's
Hilton's
pyaemic
Achillo
Achillo
dynia
Adiposus
dolorosa
Aerobes
Albumosuria
Alexins
Ambrine
Anaerobes
Anel's
Anel's
arterio
Brasdor's
Hunter's
Macewen's
Matas'
Corradi
Wardrop's
X
racemosum
venosum
Angio
Angler's
Anoci
Anthracaemia
Antiseptics
Arseno
Arterio
Arterio
deformans
gonococcal
ossificans
pneumococcal
urica
Arthrolysis
Arthropathies
gliomatous
Arthroplasty
chylous
hygroma
capsulatus
anthracis
communis
diphtheriae
Ducrey
Klebs
Loffler
mallei
pyocyaneus
typhosus
Baker's
Bazin's
Beck's
Bence
albumosuria
Bier's
B
P
P
Bleeder's
Brodie's
exostoses
osteo
malacia
fibrosa
osteopsathyrosis
ostitis
deformans
Paget's
thyreoid
X
dermoids
Brasdor's
Brodie's
Burnol
X
hydrops
hygroma
Calcanean
Callosities
sweep's
encephaloid
X
Cancrum
oris
Capillaries
sicca
Carron
lymphangioma
Kopf
Cerebro
meatal
indurated
Charcot's
Chemiotaxis
Chigoe
sweep's
Chloroma
Chondromatosis
Chondro
Chordoma
Choroiditis
Chylorrhoea
Chylo
Chylous
Cicatrices
Cicatricial
Cloacae
Coley's
Colles'
Condylomata
fistulas
oryzoidea
Craniotabes
anserina
atheromatous
Baker's
ganglionic
hygroma
lymphangioma
Dactylitis
Dancer's
tremens
Dercum
adiposus
dolorosa
Dermoids
Diarsenol
Diaphysial
aclasis
fibromatosis
lipomatosis
fibromatosis
Diplococci
Duchenne's
Ducrey's
Ecchondroses
Echthyma
angler's
leucocytes
Emprosthotonos
Encephaloid
Endarteritis
obliterans
aneurysmorrhaphy
Epiphysial
Epiphysiolysis
Epiphysitis
sweep's
X
Epulis
Erb's
pernio
nodosum
bursata
subungual
Exudates
Fibroblasts
Paget
Paget
Fibromatosis
Bancrofti
Forci
Fraenkel's
Fragilitas
ossium
Friedlander's
pneumo
Furunculus
orientalis
Galyl
Ganglionic
angio
cancrum
oris
Raynaud's
Gasserian
Gliomatous
arthropathies
Glio
Golfer's
myositis
teno
teno
lymphatics
periosteal
forci
styptics
Haemostatics
Heberden's
Hilton's
Housemaid's
Hunter's
Hutchinson's
Hydrops
Hygroma
osteo
Ichthyma
Igni
Ischaemic
Ischial
Ischias
scoliotica
bleeder's
Charcot's
chondromata
gliomatous
arthropathies
gonococcal
hydrops
arthropathies
osteo
pneumococcal
pyaemic
Jumper's
Keratoma
Kharsivan
Klapp's
Klebs
Loffler
Klumpke's
housemaid's
Kopf
Leiter's
Leontiasis
ossea
Leucocytes
Leucocythaemia
Leucoplakia
dermoids
nasi
periosteal
subserous
subsynovial
Lipomatosis
epispasticus
puris
Listerian
Luargol
Luetin
Lumbo
Lymphadenoma
Lymphangiectasis
Lymphangioma
Lymphangioplasty
Lymphangio
Lymphatics
Lymphorrhagia
Lympho
Macewen's
Malacia
Mallein
Malum
Matas'
Melaena
cerebro
Metchnikoff's
Micrococci
tetragenus
Microphages
Miner's
naevoid
Molluscum
fibrosum
Corradi
Mosetig
Moorhof
Muco
Multilocular
Musculo
Musculo
Myo
Myositis
ossificans
Myxo
Myxo
Naevoid
Naso
hygroma
lipomatosis
Paget
diarsenol
kharsivan
salvarsan
Tinel's
arthropathies
fibromatosis
Neurolysis
periosteal
Heberden's
Novo
arseno
Nucleinate
Odontoma
angio
Onychia
Opisthotonos
Opsonins
Orthotonos
fasciae
Ossifying
Osteo
Osteo
Osteochondritis
dessicans
imperfecta
subungual
fibrosa
Osteophytes
Osteopsathyrosis
Osteosarcoma
Osteosclerosis
Ostitis
deformans
rarefying
dermoids
Ozoena
Pachydermatocele
Paget's
Erb
Duchenne
Klumpke's
Paronychia
Onychia
Parrot's
Bier's
Pasteur's
Perichondritis
Peronei
Petrifying
Phagedaenic
Phlegmasia
dolens
Plantaris
Pleurosthotonos
Pneumo
Friedlander's
Pneumococcal
Polypi
dermoids
Prepatellar
Psammoma
leucaemia
osteo
femoris
adolescentium
Ranula
Rarefying
ostitis
Raynaud's
Recklinghausen's
Paget
Reverdin's
Rhinophyma
sardonicus
Rontgen
X
Rupia
Salvarsan
periosteal
Cicatrices
Sclavo's
Sculler's
membranosus
Sequestrectomy
Sclavo's
dermoids
bossing
craniotabes
natiform
Parrot's
Snuffles
arthropathies
Spirilla
pallida
Spironema
pallidum
Sprinter's
Staphylococci
albus
Streptococci
pyogenes
Streptothrix
actinomyces
Strychnin
Styptics
acromial
calcanean
Subscapularis
Subungual
Listerian
epiphyses
lymphatics
gonococcal
Colles'
dactylitis
epiphysitis
hydrops
insontium
iodides
onychia
osteo
pallida
dorsales
Tailor's
Tailor's
Tendinitis
Teno
Thiersch's
Thrombo
Thyreoid
Tinel's
dactylitis
dactylitis
epithelionia
Trendelenburg's
pallidum
dactylitis
onychia
Tubulo
dermoids
albus
Bazin's
crateriform
phagedaenic
Rontgen
fibroids
septique
Volkmann's
ischaemic
Wardrop's
X
Wassermann's
Weaver's
Wens
subperiosteal
sorter's
X
deformans
EBook
EBOOK
txt
http
org
Wisewell
http
pgdp
tm
tm
eBooks
eBook
eBook
eBooks
tm
tm
http
org
tm
tm
tm
tm
E
B
tm
C
tm
tm
E
C
PGLAF
tm
tm
tm
tm
tm
D
tm
E
E
tm
tm
eBook
eBook
org
E
tm
E
E
tm
E
E
E
tm
E
E
tm
E
tm
tm
E
E
tm
E
nonproprietary
tm
tm
org
tm
E
E
tm
E
E
E
tm
tm
tm
e
s
tm
tm
F
tm
E
tm
tm
F
F
tm
tm
F
F
tm
tm
F
F
F
IS'
MERCHANTIBILITY
F
unenforceability
F
tm
tm
tm
b
tm
c
tm
tm
tm's
tm
tm
http
pglaf
org
c
c
http
pglaf
org
U
S
Melan
S
org
http
pglaf
org
B
Newby
org
tm
http
pglaf
org
U
S
http
pglaf
org
tm
S
tm
tm
eBooks
tm
eBooks
U
S
eBooks
PG
http
org
tm
eBooks
eBooks

TOTAL WORDS MISSPELLED   :     3318
TOTAL WORDS IN DICTIONARY:   143091
VALID WORDS IN TEXT      :   194982
